[Mon Nov  7 22:21:32.974 2016] 0.056 sec 0.056 sec [ext2/0/rel 1 (0,20)] [*] 中文
[Mon Nov  7 22:21:54.697 2016] 0.000 sec 0.000 sec [ext2/0/rel 1 (0,20)] [*] 中文
[Mon Nov  7 23:15:15.100 2016] 0.079 sec 0.079 sec [ext2/0/rel 1 (0,20)] [*] 中文
[Mon Nov  7 23:21:41.422 2016] 0.017 sec 0.017 sec [ext2/0/rel 3 (0,20)] [*] test
[Mon Nov  7 23:22:09.550 2016] 0.000 sec 0.000 sec [ext2/0/rel 1 (0,20)] [*] 中
[Mon Nov  7 23:28:50.501 2016] 0.000 sec 0.000 sec [ext2/0/rel 1 (0,20)] [*] 中
[Mon Nov  7 23:29:19.284 2016] 0.000 sec 0.000 sec [ext2/0/rel 1 (0,20)] [*] 中
[Mon Nov  7 23:31:37.783 2016] 0.000 sec 0.000 sec [ext2/0/rel 1 (0,20)] [*] 文
[Mon Nov  7 23:35:16.414 2016] 0.000 sec 0.000 sec [ext2/0/rel 1 (0,20)] [*] 文
[Mon Nov  7 23:37:02.067 2016] 0.000 sec 0.000 sec [ext2/0/rel 1 (0,20)] [*] 文
[Mon Nov  7 23:39:14.530 2016] 0.000 sec 0.000 sec [ext2/0/rel 1 (0,20)] [*] 文
[Mon Nov  7 23:39:19.317 2016] 0.000 sec 0.000 sec [ext2/0/rel 1 (0,20)] [*] 文
[Mon Nov  7 23:39:48.904 2016] 0.031 sec 0.031 sec [ext2/0/rel 1 (0,20)] [*] 中文
[Mon Nov  7 23:41:52.900 2016] 0.000 sec 0.000 sec [ext2/0/rel 1 (0,20)] [*] 中文
[Mon Nov  7 23:42:15.813 2016] 0.000 sec 0.000 sec [ext2/0/rel 1 (0,20)] [*] 中文
[Mon Nov  7 23:50:03.691 2016] 0.000 sec 0.000 sec [ext2/0/rel 1 (0,20)] [*] 中文
[Mon Nov  7 23:50:19.413 2016] 0.000 sec 0.000 sec [ext2/0/rel 1 (0,20)] [*] 中文
[Mon Nov  7 23:50:24.378 2016] 0.000 sec 0.000 sec [ext2/0/rel 1 (0,20)] [*] 中文
[Mon Nov  7 23:50:48.196 2016] 0.000 sec 0.000 sec [ext2/0/rel 1 (0,20)] [*] 中文
[Mon Nov  7 23:50:51.966 2016] 0.000 sec 0.000 sec [ext2/0/rel 1 (0,20)] [*] 中文
[Mon Nov  7 23:52:33.292 2016] 0.000 sec 0.000 sec [ext2/0/rel 3 (0,20)] [*] test
[Mon Nov  7 23:52:54.802 2016] 0.000 sec 0.000 sec [ext2/0/rel 1 (0,20)] [*] 中
[Mon Nov  7 23:59:55.390 2016] 0.000 sec 0.000 sec [ext2/0/rel 1 (0,20)] [*] 中
[Tue Nov  8 00:00:21.686 2016] 0.000 sec 0.000 sec [ext2/0/rel 1 (0,20)] [*] 中
[Tue Nov  8 00:01:27.176 2016] 0.000 sec 0.000 sec [ext2/0/rel 1 (0,20)] [*] 中
[Tue Nov  8 00:01:47.100 2016] 0.000 sec 0.000 sec [ext2/0/rel 1 (0,20)] [*] 中
[Tue Nov  8 00:06:29.828 2016] 0.000 sec 0.000 sec [ext2/0/rel 1 (0,20)] [*] 中
[Tue Nov  8 00:06:33.842 2016] 0.000 sec 0.000 sec [ext2/0/rel 1 (0,20)] [*] 中
[Tue Nov  8 00:06:58.180 2016] 0.049 sec 0.049 sec [ext2/0/rel 1 (0,20)] [*] 中文
[Tue Nov  8 00:07:33.840 2016] 0.000 sec 0.000 sec [ext2/0/rel 1 (0,20)] [*] 中文
[Tue Nov  8 00:08:11.120 2016] 0.000 sec 0.000 sec [ext2/0/rel 1 (0,20)] [*] 中文
[Tue Nov  8 00:10:13.625 2016] 0.000 sec 0.000 sec [ext2/0/rel 1 (0,20)] [*] 中文
[Tue Nov  8 00:10:16.818 2016] 0.000 sec 0.000 sec [ext2/0/rel 1 (0,20)] [*] 中文
[Tue Nov  8 00:11:38.803 2016] 0.000 sec 0.000 sec [ext2/0/rel 3 (0,20)] [*] test
[Tue Nov  8 00:12:38.679 2016] 0.000 sec 0.000 sec [ext2/0/rel 3 (0,20)] [*] test
[Tue Nov  8 00:13:02.576 2016] 0.000 sec 0.000 sec [ext2/0/rel 3 (0,20)] [*] test
[Tue Nov  8 00:13:26.907 2016] 0.000 sec 0.000 sec [ext2/0/rel 1 (0,20)] [*] 文
[Tue Nov  8 00:13:30.911 2016] 0.000 sec 0.000 sec [ext2/0/rel 1 (0,20)] [*] 文
[Tue Nov  8 00:13:49.127 2016] 0.000 sec 0.000 sec [ext2/0/rel 1 (0,20)] [*] 文
[Tue Nov  8 00:16:15.537 2016] 0.000 sec 0.000 sec [ext2/0/rel 1 (0,20)] [*] 文
[Tue Nov  8 00:16:41.920 2016] 0.000 sec 0.000 sec [ext2/0/rel 1 (0,20)] [*] 文
[Tue Nov  8 00:21:21.507 2016] 0.000 sec 0.000 sec [ext2/0/rel 1 (0,20)] [*] 文
[Tue Nov  8 00:21:55.938 2016] 0.000 sec 0.000 sec [ext2/0/rel 1 (0,20)] [*] 文
[Tue Nov  8 08:33:58.989 2016] 0.062 sec 0.062 sec [ext2/0/rel 1 (0,20)] [*] 文
[Tue Nov  8 08:34:08.414 2016] 0.000 sec 0.000 sec [ext2/0/rel 1 (0,20)] [*] 文
[Tue Nov  8 08:40:20.544 2016] 0.000 sec 0.000 sec [ext2/0/rel 3 (0,20)] [*] test
[Mon Nov 14 18:26:50.412 2016] 0.059 sec 0.059 sec [ext2/0/rel 1 (0,20)] [*] 文
[Mon Nov 14 18:33:22.796 2016] 0.026 sec 0.026 sec [ext2/0/rel 1 (0,20)] [*] 中文
[Mon Nov 14 18:33:46.071 2016] 0.001 sec 0.001 sec [ext2/0/rel 1 (0,20)] [*] 中文
[Mon Nov 14 18:33:56.152 2016] 0.001 sec 0.001 sec [ext2/0/rel 1 (0,20)] [*] 中文
[Mon Nov 14 18:59:44.831 2016] 0.000 sec 0.000 sec [ext2/0/rel 1 (0,20)] [*] 中文
[Mon Nov 14 19:01:05.774 2016] 0.000 sec 0.000 sec [ext2/0/rel 1 (0,20)] [*] 中文
[Mon Nov 14 19:01:17.547 2016] 0.000 sec 0.000 sec [ext2/0/rel 1 (0,20)] [*] 中文
[Mon Nov 14 19:01:47.326 2016] 0.000 sec 0.000 sec [ext2/0/rel 1 (0,20)] [*] 中文
[Mon Nov 14 19:02:00.926 2016] 0.000 sec 0.000 sec [ext2/0/rel 1 (0,20)] [*] 中文
[Mon Nov 14 19:02:10.116 2016] 0.000 sec 0.000 sec [ext2/0/rel 1 (0,20)] [*] 中文
[Mon Nov 14 19:03:24.362 2016] 0.000 sec 0.000 sec [ext2/0/rel 1 (0,20)] [*] 中文
[Mon Nov 14 19:03:35.429 2016] 0.000 sec 0.000 sec [ext2/0/rel 1 (0,20)] [*] 中文
[Mon Nov 14 19:03:44.131 2016] 0.000 sec 0.000 sec [ext2/0/rel 1 (0,20)] [*] 中文
[Mon Nov 14 19:05:25.678 2016] 0.000 sec 0.000 sec [ext2/0/rel 1 (0,20)] [*] 中文
[Mon Nov 14 19:08:13.533 2016] 0.000 sec 0.000 sec [ext2/0/rel 1 (0,20)] [*] 中文
[Wed Nov 16 00:52:17.319 2016] 0.020 sec 0.020 sec [ext2/0/rel 1 (0,20)] [*] 中文
[Wed Nov 16 00:54:00.901 2016] 0.000 sec 0.000 sec [ext2/0/rel 1 (0,20)] [*] 中文
[Wed Nov 16 00:54:34.684 2016] 0.000 sec 0.000 sec [ext2/0/rel 1 (0,20)] [*] 中文
[Wed Nov 16 00:57:09.668 2016] 0.057 sec 0.057 sec [ext2/0/rel 1 (0,20)] [*] 中文
[Wed Nov 16 01:37:56.027 2016] 0.031 sec 0.031 sec [all/0/rel 0 (0,20)] [*] 中文
[Wed Nov 16 01:38:46.385 2016] 0.049 sec 0.049 sec [all/0/rel 0 (0,20)] [*] 中
[Wed Nov 16 01:39:57.565 2016] 0.001 sec 0.001 sec [all/0/rel 1 (0,20)] [*] 中文
[Wed Nov 16 11:20:14.407 2016] 0.026 sec 0.026 sec [all/0/rel 1 (0,20)] [*] 中文
[Mon Nov 28 11:49:20.170 2016] 0.096 sec 0.096 sec [all/0/rel 1 (0,20)] [*] 中文
[Mon Nov 28 13:52:47.778 2016] 0.002 sec 0.002 sec [all/0/rel 1 (0,20)] [*] 中文
[Mon Nov 28 13:54:02.602 2016] 0.001 sec 0.001 sec [all/0/rel 1 (0,20)] [*] 中文
[Mon Nov 28 13:54:16.880 2016] 0.003 sec 0.003 sec [all/0/rel 1 (0,20)] [*] 中文
[Mon Nov 28 13:54:20.309 2016] 0.001 sec 0.001 sec [all/0/rel 1 (0,20)] [*] 中文
[Mon Nov 28 13:54:37.617 2016] 0.001 sec 0.001 sec [all/0/rel 1 (0,20)] [*] 中文
[Mon Nov 28 13:57:41.317 2016] 0.001 sec 0.001 sec [all/0/rel 1 (0,20)] [*] 中文
[Mon Nov 28 13:59:07.758 2016] 0.001 sec 0.001 sec [all/0/rel 2 (0,20)] [*] 中文
[Mon Nov 28 14:01:50.942 2016] 0.001 sec 0.001 sec [all/0/rel 2 (0,20)] [*] 中文
[Mon Nov 28 14:02:04.183 2016] 0.000 sec 0.000 sec [all/0/rel 2 (0,20)] [*] 中文
[Mon Nov 28 14:02:25.211 2016] 0.001 sec 0.001 sec [all/0/rel 2 (0,20)] [*] 中文
[Mon Nov 28 14:02:38.201 2016] 0.000 sec 0.000 sec [all/0/rel 2 (0,20)] [*] 中文
[Mon Nov 28 14:38:21.909 2016] 0.001 sec 0.001 sec [all/0/rel 2 (0,20)] [*] 中文
[Mon Nov 28 14:38:31.101 2016] 0.001 sec 0.001 sec [all/0/rel 2 (0,20)] [*] 中文
[Mon Nov 28 14:42:25.279 2016] 0.001 sec 0.001 sec [all/0/rel 2 (0,20)] [*] 中文
[Mon Nov 28 14:42:27.453 2016] 0.000 sec 0.000 sec [all/0/rel 2 (0,20)] [*] 中文
[Mon Nov 28 14:42:39.274 2016] 0.001 sec 0.001 sec [all/0/rel 2 (0,20)] [*] 中文
[Mon Nov 28 14:43:18.503 2016] 0.000 sec 0.000 sec [all/0/rel 2 (0,20)] [*] 中文
[Mon Nov 28 14:45:07.996 2016] 0.001 sec 0.001 sec [all/0/rel 2 (0,20)] [*] 中文
[Mon Nov 28 14:45:36.135 2016] 0.001 sec 0.001 sec [all/0/rel 2 (0,20)] [*] 中文
[Mon Nov 28 14:48:26.847 2016] 0.001 sec 0.001 sec [all/0/rel 2 (0,20)] [*] 中文
[Mon Nov 28 14:48:44.990 2016] 0.001 sec 0.001 sec [all/0/rel 2 (0,20)] [*] 中文
[Mon Nov 28 14:50:33.205 2016] 0.001 sec 0.001 sec [all/0/rel 2 (0,20)] [*] 中文
[Mon Nov 28 14:50:57.900 2016] 0.001 sec 0.001 sec [all/0/rel 2 (0,20)] [*] 中文
[Mon Nov 28 14:54:47.151 2016] 0.001 sec 0.001 sec [all/0/rel 2 (0,20)] [*] 中文
[Mon Nov 28 14:57:07.809 2016] 0.001 sec 0.001 sec [all/0/rel 2 (0,20)] [*] 中文
[Mon Nov 28 14:57:16.519 2016] 0.001 sec 0.001 sec [all/0/rel 2 (0,20)] [*] 中文
[Mon Nov 28 14:57:41.522 2016] 0.001 sec 0.001 sec [all/0/rel 2 (0,20)] [*] 中文
[Mon Nov 28 14:58:29.932 2016] 0.001 sec 0.001 sec [all/0/rel 2 (0,20)] [*] 中文
[Mon Nov 28 14:59:13.012 2016] 0.001 sec 0.001 sec [all/0/rel 2 (0,20)] [*] 中文
[Mon Nov 28 14:59:39.952 2016] 0.001 sec 0.001 sec [all/0/rel 2 (0,20)] [*] 中文
[Mon Nov 28 15:04:15.087 2016] 0.001 sec 0.001 sec [all/0/rel 2 (0,20)] [*] 中文
[Mon Nov 28 15:06:12.596 2016] 0.001 sec 0.001 sec [all/0/rel 2 (0,20)] [*] 中文
[Mon Nov 28 15:11:40.404 2016] 0.001 sec 0.001 sec [all/0/rel 2 (0,20)] [*] 中文
[Mon Nov 28 18:06:32.119 2016] 0.001 sec 0.001 sec [all/0/rel 2 (0,20)] [*] 中文
[Mon Nov 28 18:17:26.842 2016] 0.001 sec 0.001 sec [all/0/rel 2 (0,20)] [*] 中文
[Mon Nov 28 18:18:23.938 2016] 0.001 sec 0.001 sec [all/0/rel 2 (0,20)] [*] 中文
[Mon Nov 28 18:19:29.467 2016] 0.001 sec 0.001 sec [all/0/rel 2 (0,20)] [*] 中文
[Mon Nov 28 18:20:03.881 2016] 0.001 sec 0.001 sec [all/0/rel 2 (0,20)] [*] 中文
[Mon Nov 28 18:21:05.954 2016] 0.001 sec 0.001 sec [all/0/rel 2 (0,20)] [*] 中文
[Mon Nov 28 18:22:15.118 2016] 0.001 sec 0.001 sec [all/0/rel 2 (0,20)] [*] 中文
[Mon Nov 28 18:22:42.657 2016] 0.001 sec 0.001 sec [all/0/rel 2 (0,20)] [*] 中文
[Mon Nov 28 18:22:53.465 2016] 0.001 sec 0.001 sec [all/0/rel 2 (0,20)] [*] 中文
[Mon Nov 28 18:23:46.583 2016] 0.001 sec 0.001 sec [all/0/rel 2 (0,20)] [*] 中文
[Mon Nov 28 18:24:34.092 2016] 0.011 sec 0.011 sec [all/0/rel 2 (0,20)] [*] 中文
[Mon Nov 28 18:25:24.782 2016] 0.001 sec 0.001 sec [all/0/rel 2 (0,20)] [*] 中文
[Mon Nov 28 18:26:21.018 2016] 0.001 sec 0.001 sec [all/0/rel 2 (0,20)] [*] 中文
[Mon Nov 28 18:28:20.901 2016] 0.001 sec 0.001 sec [all/0/rel 2 (0,20)] [*] 中文
[Mon Nov 28 18:28:35.438 2016] 0.001 sec 0.001 sec [all/0/rel 2 (0,20)] [*] 中文
[Mon Nov 28 18:30:48.032 2016] 0.001 sec 0.001 sec [all/0/rel 2 (0,20)] [*] 中文
[Mon Nov 28 18:31:10.446 2016] 0.001 sec 0.001 sec [all/0/rel 2 (0,20)] [*] 中文
[Mon Nov 28 18:31:19.072 2016] 0.001 sec 0.001 sec [all/0/rel 2 (0,20)] [*] 中文
[Mon Nov 28 18:32:30.574 2016] 0.001 sec 0.001 sec [all/0/rel 2 (0,20)] [*] 中文
[Mon Nov 28 18:33:57.307 2016] 0.001 sec 0.001 sec [all/0/rel 2 (0,20)] [*] 中文
[Mon Nov 28 18:36:57.810 2016] 0.005 sec 0.005 sec [all/0/rel 2 (0,20)] [*] 中文
[Mon Nov 28 18:37:11.173 2016] 0.010 sec 0.010 sec [all/0/rel 2 (0,20)] [*] 中文
